{"/Users/guilhermomasid/Documents/courses/tests-javascript/project-one/src/lib/calculator.js": {"path":"/Users/guilhermomasid/Documents/courses/tests-javascript/project-one/src/lib/calculator.js","statementMap":{"0":{"start":{"line":1,"column":12},"end":{"line":8,"column":1}},"1":{"start":{"line":2,"column":15},"end":{"line":2,"column":27}},"2":{"start":{"line":3,"column":15},"end":{"line":3,"column":27}},"3":{"start":{"line":4,"column":2},"end":{"line":6,"column":3}},"4":{"start":{"line":5,"column":4},"end":{"line":5,"column":46}},"5":{"start":{"line":7,"column":2},"end":{"line":7,"column":21}},"6":{"start":{"line":10,"column":0},"end":{"line":10,"column":21}}},"fnMap":{"0":{"name":"(anonymous_0)","decl":{"start":{"line":1,"column":12},"end":{"line":1,"column":13}},"loc":{"start":{"line":1,"column":24},"end":{"line":8,"column":1}},"line":1}},"branchMap":{"0":{"loc":{"start":{"line":4,"column":2},"end":{"line":6,"column":3}},"type":"if","locations":[{"start":{"line":4,"column":2},"end":{"line":6,"column":3}},{"start":{},"end":{}}],"line":4},"1":{"loc":{"start":{"line":4,"column":6},"end":{"line":4,"column":46}},"type":"binary-expr","locations":[{"start":{"line":4,"column":6},"end":{"line":4,"column":24}},{"start":{"line":4,"column":28},"end":{"line":4,"column":46}}],"line":4}},"s":{"0":1,"1":6,"2":6,"3":6,"4":4,"5":2,"6":1},"f":{"0":6},"b":{"0":[4,2],"1":[6,3]},"_coverageSchema":"1a1c01bbd47fc00a2c39e90264f33305004495a9","hash":"e8baa92c9f9a581e96172b5dcd0ef6f5c46c69e7"}
,"/Users/guilhermomasid/Documents/courses/tests-javascript/project-one/src/lib/queryString.js": {"path":"/Users/guilhermomasid/Documents/courses/tests-javascript/project-one/src/lib/queryString.js","statementMap":{"0":{"start":{"line":1,"column":25},"end":{"line":6,"column":1}},"1":{"start":{"line":2,"column":2},"end":{"line":4,"column":3}},"2":{"start":{"line":3,"column":4},"end":{"line":3,"column":48}},"3":{"start":{"line":5,"column":2},"end":{"line":5,"column":67}},"4":{"start":{"line":12,"column":0},"end":{"line":14,"column":2}},"5":{"start":{"line":13,"column":2},"end":{"line":13,"column":61}},"6":{"start":{"line":20,"column":0},"end":{"line":30,"column":2}},"7":{"start":{"line":21,"column":2},"end":{"line":29,"column":11}},"8":{"start":{"line":23,"column":18},"end":{"line":23,"column":32}},"9":{"start":{"line":25,"column":27},"end":{"line":25,"column":52}},"10":{"start":{"line":26,"column":6},"end":{"line":27,"column":35}},"11":{"start":{"line":26,"column":38},"end":{"line":26,"column":73}},"12":{"start":{"line":27,"column":11},"end":{"line":27,"column":35}},"13":{"start":{"line":28,"column":6},"end":{"line":28,"column":17}}},"fnMap":{"0":{"name":"(anonymous_0)","decl":{"start":{"line":1,"column":25},"end":{"line":1,"column":26}},"loc":{"start":{"line":1,"column":43},"end":{"line":6,"column":1}},"line":1},"1":{"name":"(anonymous_1)","decl":{"start":{"line":12,"column":29},"end":{"line":12,"column":30}},"loc":{"start":{"line":12,"column":38},"end":{"line":14,"column":1}},"line":12},"2":{"name":"(anonymous_2)","decl":{"start":{"line":20,"column":23},"end":{"line":20,"column":24}},"loc":{"start":{"line":20,"column":32},"end":{"line":30,"column":1}},"line":20},"3":{"name":"(anonymous_3)","decl":{"start":{"line":23,"column":9},"end":{"line":23,"column":10}},"loc":{"start":{"line":23,"column":18},"end":{"line":23,"column":32}},"line":23},"4":{"name":"(anonymous_4)","decl":{"start":{"line":24,"column":12},"end":{"line":24,"column":13}},"loc":{"start":{"line":24,"column":35},"end":{"line":29,"column":5}},"line":24}},"branchMap":{"0":{"loc":{"start":{"line":2,"column":2},"end":{"line":4,"column":3}},"type":"if","locations":[{"start":{"line":2,"column":2},"end":{"line":4,"column":3}},{"start":{},"end":{}}],"line":2},"1":{"loc":{"start":{"line":2,"column":6},"end":{"line":2,"column":56}},"type":"binary-expr","locations":[{"start":{"line":2,"column":6},"end":{"line":2,"column":31}},{"start":{"line":2,"column":35},"end":{"line":2,"column":56}}],"line":2},"2":{"loc":{"start":{"line":26,"column":6},"end":{"line":27,"column":35}},"type":"if","locations":[{"start":{"line":26,"column":6},"end":{"line":27,"column":35}},{"start":{"line":27,"column":11},"end":{"line":27,"column":35}}],"line":26}},"s":{"0":1,"1":6,"2":1,"3":5,"4":1,"5":3,"6":1,"7":3,"8":5,"9":5,"10":5,"11":1,"12":4,"13":5},"f":{"0":6,"1":3,"2":3,"3":5,"4":5},"b":{"0":[1,5],"1":[6,2],"2":[1,4]},"_coverageSchema":"1a1c01bbd47fc00a2c39e90264f33305004495a9","hash":"789959cce7f9978d75faa1f7f0c1f7ef1043e05a"}
}
