TN:
SF:src/lib/calculator.js
FN:1,(anonymous_0)
FNF:1
FNH:1
FNDA:6,(anonymous_0)
DA:1,1
DA:2,6
DA:3,6
DA:4,6
DA:5,4
DA:7,2
DA:10,1
LF:7
LH:7
BRDA:4,0,0,4
BRDA:4,0,1,2
BRDA:4,1,0,6
BRDA:4,1,1,3
BRF:4
BRH:4
end_of_record
TN:
SF:src/lib/queryString.js
FN:1,(anonymous_0)
FN:12,(anonymous_1)
FN:20,(anonymous_2)
FN:23,(anonymous_3)
FN:24,(anonymous_4)
FNF:5
FNH:5
FNDA:6,(anonymous_0)
FNDA:3,(anonymous_1)
FNDA:3,(anonymous_2)
FNDA:5,(anonymous_3)
FNDA:5,(anonymous_4)
DA:1,1
DA:2,6
DA:3,1
DA:5,5
DA:12,1
DA:13,3
DA:20,1
DA:21,3
DA:23,5
DA:25,5
DA:26,5
DA:27,4
DA:28,5
LF:13
LH:13
BRDA:2,0,0,1
BRDA:2,0,1,5
BRDA:2,1,0,6
BRDA:2,1,1,2
BRDA:26,2,0,1
BRDA:26,2,1,4
BRF:6
BRH:6
end_of_record
